{"C:\\Users\\ag_ar\\nutika-ejt\\backend\\src\\routes\\users.ts": {"path":"C:\\Users\\ag_ar\\nutika-ejt\\backend\\src\\routes\\users.ts","statementMap":{"0":{"start":{"line":1,"column":0},"end":{"line":1,"column":43}},"1":{"start":{"line":2,"column":0},"end":{"line":2,"column":28}},"2":{"start":{"line":3,"column":0},"end":{"line":3,"column":46}},"3":{"start":{"line":4,"column":0},"end":{"line":4,"column":78}},"4":{"start":{"line":5,"column":0},"end":{"line":5,"column":41}},"5":{"start":{"line":7,"column":15},"end":{"line":7,"column":23}},"6":{"start":{"line":8,"column":15},"end":{"line":8,"column":33}},"7":{"start":{"line":11,"column":0},"end":{"line":29,"column":3}},"8":{"start":{"line":12,"column":2},"end":{"line":28,"column":3}},"9":{"start":{"line":13,"column":18},"end":{"line":23,"column":6}},"10":{"start":{"line":24,"column":4},"end":{"line":24,"column":20}},"11":{"start":{"line":26,"column":4},"end":{"line":26,"column":53}},"12":{"start":{"line":27,"column":4},"end":{"line":27,"column":61}},"13":{"start":{"line":32,"column":0},"end":{"line":71,"column":3}},"14":{"start":{"line":33,"column":2},"end":{"line":70,"column":3}},"15":{"start":{"line":34,"column":48},"end":{"line":34,"column":56}},"16":{"start":{"line":36,"column":4},"end":{"line":38,"column":5}},"17":{"start":{"line":37,"column":6},"end":{"line":37,"column":76}},"18":{"start":{"line":40,"column":21},"end":{"line":40,"column":71}},"19":{"start":{"line":41,"column":4},"end":{"line":43,"column":5}},"20":{"start":{"line":42,"column":6},"end":{"line":42,"column":69}},"21":{"start":{"line":45,"column":27},"end":{"line":45,"column":58}},"22":{"start":{"line":46,"column":21},"end":{"line":46,"column":62}},"23":{"start":{"line":47,"column":25},"end":{"line":47,"column":74}},"24":{"start":{"line":49,"column":17},"end":{"line":63,"column":6}},"25":{"start":{"line":65,"column":4},"end":{"line":65,"column":108}},"26":{"start":{"line":66,"column":4},"end":{"line":66,"column":31}},"27":{"start":{"line":68,"column":4},"end":{"line":68,"column":53}},"28":{"start":{"line":69,"column":4},"end":{"line":69,"column":61}},"29":{"start":{"line":74,"column":0},"end":{"line":122,"column":3}},"30":{"start":{"line":75,"column":2},"end":{"line":121,"column":3}},"31":{"start":{"line":76,"column":25},"end":{"line":76,"column":48}},"32":{"start":{"line":77,"column":26},"end":{"line":77,"column":42}},"33":{"start":{"line":78,"column":48},"end":{"line":78,"column":56}},"34":{"start":{"line":80,"column":23},"end":{"line":80,"column":84}},"35":{"start":{"line":81,"column":4},"end":{"line":83,"column":5}},"36":{"start":{"line":82,"column":6},"end":{"line":82,"column":63}},"37":{"start":{"line":86,"column":4},"end":{"line":93,"column":5}},"38":{"start":{"line":87,"column":6},"end":{"line":89,"column":7}},"39":{"start":{"line":88,"column":8},"end":{"line":88,"column":89}},"40":{"start":{"line":90,"column":6},"end":{"line":92,"column":7}},"41":{"start":{"line":91,"column":8},"end":{"line":91,"column":94}},"42":{"start":{"line":95,"column":28},"end":{"line":95,"column":30}},"43":{"start":{"line":96,"column":4},"end":{"line":96,"column":54}},"44":{"start":{"line":96,"column":29},"end":{"line":96,"column":54}},"45":{"start":{"line":97,"column":4},"end":{"line":97,"column":88}},"46":{"start":{"line":97,"column":28},"end":{"line":97,"column":88}},"47":{"start":{"line":98,"column":4},"end":{"line":98,"column":72}},"48":{"start":{"line":98,"column":32},"end":{"line":98,"column":72}},"49":{"start":{"line":99,"column":4},"end":{"line":101,"column":5}},"50":{"start":{"line":100,"column":6},"end":{"line":100,"column":60}},"51":{"start":{"line":103,"column":20},"end":{"line":114,"column":6}},"52":{"start":{"line":116,"column":4},"end":{"line":116,"column":113}},"53":{"start":{"line":117,"column":4},"end":{"line":117,"column":22}},"54":{"start":{"line":119,"column":4},"end":{"line":119,"column":53}},"55":{"start":{"line":120,"column":4},"end":{"line":120,"column":61}},"56":{"start":{"line":125,"column":0},"end":{"line":148,"column":3}},"57":{"start":{"line":126,"column":2},"end":{"line":147,"column":3}},"58":{"start":{"line":127,"column":27},"end":{"line":127,"column":50}},"59":{"start":{"line":128,"column":26},"end":{"line":128,"column":42}},"60":{"start":{"line":130,"column":25},"end":{"line":130,"column":88}},"61":{"start":{"line":131,"column":4},"end":{"line":133,"column":5}},"62":{"start":{"line":132,"column":6},"end":{"line":132,"column":63}},"63":{"start":{"line":136,"column":4},"end":{"line":138,"column":5}},"64":{"start":{"line":137,"column":6},"end":{"line":137,"column":83}},"65":{"start":{"line":140,"column":4},"end":{"line":140,"column":64}},"66":{"start":{"line":142,"column":4},"end":{"line":142,"column":116}},"67":{"start":{"line":143,"column":4},"end":{"line":143,"column":55}},"68":{"start":{"line":145,"column":4},"end":{"line":145,"column":53}},"69":{"start":{"line":146,"column":4},"end":{"line":146,"column":61}},"70":{"start":{"line":150,"column":0},"end":{"line":150,"column":22}}},"fnMap":{"0":{"name":"(anonymous_1)","decl":{"start":{"line":11,"column":45},"end":{"line":11,"column":50}},"loc":{"start":{"line":11,"column":87},"end":{"line":29,"column":1}}},"1":{"name":"(anonymous_2)","decl":{"start":{"line":32,"column":46},"end":{"line":32,"column":51}},"loc":{"start":{"line":32,"column":88},"end":{"line":71,"column":1}}},"2":{"name":"(anonymous_3)","decl":{"start":{"line":74,"column":50},"end":{"line":74,"column":55}},"loc":{"start":{"line":74,"column":92},"end":{"line":122,"column":1}}},"3":{"name":"(anonymous_4)","decl":{"start":{"line":125,"column":51},"end":{"line":125,"column":56}},"loc":{"start":{"line":125,"column":93},"end":{"line":148,"column":1}}}},"branchMap":{"0":{"loc":{"start":{"line":36,"column":4},"end":{"line":38,"column":5}},"type":"if","locations":[{"start":{"line":36,"column":4},"end":{"line":38,"column":5}}]},"1":{"loc":{"start":{"line":36,"column":8},"end":{"line":36,"column":27}},"type":"binary-expr","locations":[{"start":{"line":36,"column":8},"end":{"line":36,"column":14}},{"start":{"line":36,"column":18},"end":{"line":36,"column":27}}]},"2":{"loc":{"start":{"line":41,"column":4},"end":{"line":43,"column":5}},"type":"if","locations":[{"start":{"line":41,"column":4},"end":{"line":43,"column":5}}]},"3":{"loc":{"start":{"line":46,"column":21},"end":{"line":46,"column":62}},"type":"cond-expr","locations":[{"start":{"line":46,"column":41},"end":{"line":46,"column":49}},{"start":{"line":46,"column":52},"end":{"line":46,"column":62}}]},"4":{"loc":{"start":{"line":47,"column":25},"end":{"line":47,"column":74}},"type":"cond-expr","locations":[{"start":{"line":47,"column":50},"end":{"line":47,"column":67}},{"start":{"line":47,"column":70},"end":{"line":47,"column":74}}]},"5":{"loc":{"start":{"line":81,"column":4},"end":{"line":83,"column":5}},"type":"if","locations":[{"start":{"line":81,"column":4},"end":{"line":83,"column":5}}]},"6":{"loc":{"start":{"line":86,"column":4},"end":{"line":93,"column":5}},"type":"if","locations":[{"start":{"line":86,"column":4},"end":{"line":93,"column":5}}]},"7":{"loc":{"start":{"line":87,"column":6},"end":{"line":89,"column":7}},"type":"if","locations":[{"start":{"line":87,"column":6},"end":{"line":89,"column":7}}]},"8":{"loc":{"start":{"line":90,"column":6},"end":{"line":92,"column":7}},"type":"if","locations":[{"start":{"line":90,"column":6},"end":{"line":92,"column":7}}]},"9":{"loc":{"start":{"line":96,"column":4},"end":{"line":96,"column":54}},"type":"if","locations":[{"start":{"line":96,"column":4},"end":{"line":96,"column":54}}]},"10":{"loc":{"start":{"line":97,"column":4},"end":{"line":97,"column":88}},"type":"if","locations":[{"start":{"line":97,"column":4},"end":{"line":97,"column":88}}]},"11":{"loc":{"start":{"line":97,"column":46},"end":{"line":97,"column":87}},"type":"cond-expr","locations":[{"start":{"line":97,"column":66},"end":{"line":97,"column":74}},{"start":{"line":97,"column":77},"end":{"line":97,"column":87}}]},"12":{"loc":{"start":{"line":98,"column":4},"end":{"line":98,"column":72}},"type":"if","locations":[{"start":{"line":98,"column":4},"end":{"line":98,"column":72}}]},"13":{"loc":{"start":{"line":99,"column":4},"end":{"line":101,"column":5}},"type":"if","locations":[{"start":{"line":99,"column":4},"end":{"line":101,"column":5}}]},"14":{"loc":{"start":{"line":131,"column":4},"end":{"line":133,"column":5}},"type":"if","locations":[{"start":{"line":131,"column":4},"end":{"line":133,"column":5}}]},"15":{"loc":{"start":{"line":136,"column":4},"end":{"line":138,"column":5}},"type":"if","locations":[{"start":{"line":136,"column":4},"end":{"line":138,"column":5}}]}},"s":{"0":1,"1":1,"2":1,"3":1,"4":1,"5":1,"6":1,"7":1,"8":1,"9":1,"10":1,"11":0,"12":0,"13":1,"14":1,"15":1,"16":1,"17":0,"18":1,"19":1,"20":0,"21":1,"22":1,"23":1,"24":1,"25":1,"26":1,"27":0,"28":0,"29":1,"30":2,"31":2,"32":2,"33":2,"34":2,"35":2,"36":0,"37":2,"38":1,"39":1,"40":0,"41":0,"42":1,"43":1,"44":0,"45":1,"46":0,"47":1,"48":1,"49":1,"50":0,"51":1,"52":1,"53":1,"54":0,"55":0,"56":1,"57":2,"58":2,"59":2,"60":2,"61":2,"62":0,"63":2,"64":1,"65":1,"66":1,"67":1,"68":0,"69":0,"70":1},"f":{"0":1,"1":1,"2":2,"3":2},"b":{"0":[0],"1":[1,1],"2":[0],"3":[0,1],"4":[0,1],"5":[0],"6":[1],"7":[1],"8":[0],"9":[0],"10":[0],"11":[0,0],"12":[1],"13":[0],"14":[0],"15":[1]}}
,"C:\\Users\\ag_ar\\nutika-ejt\\backend\\src\\services\\nordpool.ts": {"path":"C:\\Users\\ag_ar\\nutika-ejt\\backend\\src\\services\\nordpool.ts","statementMap":{"0":{"start":{"line":1,"column":0},"end":{"line":1,"column":41}},"1":{"start":{"line":2,"column":0},"end":{"line":2,"column":46}},"2":{"start":{"line":4,"column":15},"end":{"line":4,"column":33}},"3":{"start":{"line":12,"column":48},"end":{"line":12,"column":50}},"4":{"start":{"line":13,"column":41},"end":{"line":13,"column":42}},"5":{"start":{"line":17,"column":16},"end":{"line":17,"column":26}},"6":{"start":{"line":19,"column":4},"end":{"line":21,"column":5}},"7":{"start":{"line":20,"column":6},"end":{"line":20,"column":31}},"8":{"start":{"line":23,"column":14},"end":{"line":23,"column":16}},"9":{"start":{"line":24,"column":4},"end":{"line":71,"column":5}},"10":{"start":{"line":25,"column":20},"end":{"line":25,"column":30}},"11":{"start":{"line":26,"column":6},"end":{"line":26,"column":33}},"12":{"start":{"line":27,"column":18},"end":{"line":27,"column":33}},"13":{"start":{"line":28,"column":6},"end":{"line":28,"column":37}},"14":{"start":{"line":30,"column":23},"end":{"line":30,"column":42}},"15":{"start":{"line":31,"column":21},"end":{"line":31,"column":38}},"16":{"start":{"line":33,"column":6},"end":{"line":33,"column":89}},"17":{"start":{"line":35,"column":6},"end":{"line":35,"column":63}},"18":{"start":{"line":37,"column":23},"end":{"line":37,"column":39}},"19":{"start":{"line":39,"column":6},"end":{"line":41,"column":7}},"20":{"start":{"line":40,"column":8},"end":{"line":40,"column":80}},"21":{"start":{"line":43,"column":19},"end":{"line":43,"column":40}},"22":{"start":{"line":45,"column":6},"end":{"line":47,"column":7}},"23":{"start":{"line":46,"column":8},"end":{"line":46,"column":64}},"24":{"start":{"line":49,"column":6},"end":{"line":49,"column":39}},"25":{"start":{"line":50,"column":6},"end":{"line":50,"column":31}},"26":{"start":{"line":53,"column":6},"end":{"line":53,"column":58}},"27":{"start":{"line":55,"column":6},"end":{"line":55,"column":31}},"28":{"start":{"line":58,"column":6},"end":{"line":62,"column":9}},"29":{"start":{"line":65,"column":6},"end":{"line":68,"column":7}},"30":{"start":{"line":66,"column":8},"end":{"line":66,"column":72}},"31":{"start":{"line":67,"column":8},"end":{"line":67,"column":33}},"32":{"start":{"line":70,"column":6},"end":{"line":70,"column":16}},"33":{"start":{"line":76,"column":4},"end":{"line":96,"column":5}},"34":{"start":{"line":77,"column":6},"end":{"line":92,"column":7}},"35":{"start":{"line":78,"column":8},"end":{"line":91,"column":11}},"36":{"start":{"line":94,"column":6},"end":{"line":94,"column":66}},"37":{"start":{"line":100,"column":19},"end":{"line":100,"column":43}},"38":{"start":{"line":101,"column":4},"end":{"line":101,"column":41}},"39":{"start":{"line":101,"column":29},"end":{"line":101,"column":41}},"40":{"start":{"line":103,"column":23},"end":{"line":103,"column":52}},"41":{"start":{"line":106,"column":25},"end":{"line":109,"column":6}},"42":{"start":{"line":107,"column":20},"end":{"line":107,"column":31}},"43":{"start":{"line":108,"column":6},"end":{"line":108,"column":62}},"44":{"start":{"line":111,"column":4},"end":{"line":111,"column":52}},"45":{"start":{"line":11,"column":0},"end":{"line":11,"column":13}}},"fnMap":{"0":{"name":"(anonymous_0)","decl":{"start":{"line":16,"column":2},"end":{"line":16,"column":8}},"loc":{"start":{"line":16,"column":26},"end":{"line":72,"column":3}}},"1":{"name":"(anonymous_1)","decl":{"start":{"line":75,"column":10},"end":{"line":75,"column":16}},"loc":{"start":{"line":75,"column":67},"end":{"line":97,"column":3}}},"2":{"name":"(anonymous_2)","decl":{"start":{"line":99,"column":2},"end":{"line":99,"column":8}},"loc":{"start":{"line":99,"column":30},"end":{"line":112,"column":3}}},"3":{"name":"(anonymous_3)","decl":{"start":{"line":106,"column":37},"end":{"line":106,"column":38}},"loc":{"start":{"line":106,"column":41},"end":{"line":109,"column":5}}}},"branchMap":{"0":{"loc":{"start":{"line":19,"column":4},"end":{"line":21,"column":5}},"type":"if","locations":[{"start":{"line":19,"column":4},"end":{"line":21,"column":5}}]},"1":{"loc":{"start":{"line":19,"column":8},"end":{"line":19,"column":74}},"type":"binary-expr","locations":[{"start":{"line":19,"column":8},"end":{"line":19,"column":36}},{"start":{"line":19,"column":40},"end":{"line":19,"column":74}}]},"2":{"loc":{"start":{"line":39,"column":6},"end":{"line":41,"column":7}},"type":"if","locations":[{"start":{"line":39,"column":6},"end":{"line":41,"column":7}}]},"3":{"loc":{"start":{"line":45,"column":6},"end":{"line":47,"column":7}},"type":"if","locations":[{"start":{"line":45,"column":6},"end":{"line":47,"column":7}}]},"4":{"loc":{"start":{"line":45,"column":10},"end":{"line":45,"column":54}},"type":"binary-expr","locations":[{"start":{"line":45,"column":10},"end":{"line":45,"column":23}},{"start":{"line":45,"column":27},"end":{"line":45,"column":37}},{"start":{"line":45,"column":41},"end":{"line":45,"column":54}}]},"5":{"loc":{"start":{"line":60,"column":15},"end":{"line":60,"column":69}},"type":"cond-expr","locations":[{"start":{"line":60,"column":40},"end":{"line":60,"column":53}},{"start":{"line":60,"column":56},"end":{"line":60,"column":69}}]},"6":{"loc":{"start":{"line":61,"column":15},"end":{"line":61,"column":63}},"type":"cond-expr","locations":[{"start":{"line":61,"column":40},"end":{"line":61,"column":51}},{"start":{"line":61,"column":54},"end":{"line":61,"column":63}}]},"7":{"loc":{"start":{"line":65,"column":6},"end":{"line":68,"column":7}},"type":"if","locations":[{"start":{"line":65,"column":6},"end":{"line":68,"column":7}}]},"8":{"loc":{"start":{"line":101,"column":4},"end":{"line":101,"column":41}},"type":"if","locations":[{"start":{"line":101,"column":4},"end":{"line":101,"column":41}}]},"9":{"loc":{"start":{"line":108,"column":13},"end":{"line":108,"column":61}},"type":"binary-expr","locations":[{"start":{"line":108,"column":13},"end":{"line":108,"column":32}},{"start":{"line":108,"column":36},"end":{"line":108,"column":61}}]},"10":{"loc":{"start":{"line":111,"column":11},"end":{"line":111,"column":51}},"type":"cond-expr","locations":[{"start":{"line":111,"column":26},"end":{"line":111,"column":44}},{"start":{"line":111,"column":47},"end":{"line":111,"column":51}}]}},"s":{"0":1,"1":1,"2":1,"3":1,"4":1,"5":4,"6":4,"7":1,"8":3,"9":3,"10":3,"11":3,"12":3,"13":3,"14":3,"15":3,"16":3,"17":3,"18":3,"19":2,"20":0,"21":2,"22":2,"23":0,"24":2,"25":2,"26":2,"27":2,"28":1,"29":1,"30":1,"31":1,"32":0,"33":2,"34":2,"35":2,"36":2,"37":0,"38":0,"39":0,"40":0,"41":0,"42":0,"43":0,"44":0,"45":1},"f":{"0":4,"1":2,"2":0,"3":0},"b":{"0":[1],"1":[4,2],"2":[0],"3":[0],"4":[2,2,2],"5":[1,0],"6":[1,0],"7":[1],"8":[0],"9":[0,0],"10":[0,0]}}
,"C:\\Users\\ag_ar\\nutika-ejt\\backend\\src\\services\\savings.ts": {"path":"C:\\Users\\ag_ar\\nutika-ejt\\backend\\src\\services\\savings.ts","statementMap":{"0":{"start":{"line":1,"column":0},"end":{"line":1,"column":46}},"1":{"start":{"line":3,"column":15},"end":{"line":3,"column":33}},"2":{"start":{"line":27,"column":17},"end":{"line":34,"column":6}},"3":{"start":{"line":36,"column":4},"end":{"line":38,"column":5}},"4":{"start":{"line":37,"column":6},"end":{"line":37,"column":106}},"5":{"start":{"line":41,"column":76},"end":{"line":41,"column":78}},"6":{"start":{"line":42,"column":34},"end":{"line":42,"column":38}},"7":{"start":{"line":44,"column":4},"end":{"line":53,"column":5}},"8":{"start":{"line":45,"column":6},"end":{"line":52,"column":7}},"9":{"start":{"line":46,"column":8},"end":{"line":46,"column":35}},"10":{"start":{"line":47,"column":13},"end":{"line":52,"column":7}},"11":{"start":{"line":48,"column":23},"end":{"line":48,"column":69}},"12":{"start":{"line":49,"column":22},"end":{"line":49,"column":47}},"13":{"start":{"line":50,"column":8},"end":{"line":50,"column":77}},"14":{"start":{"line":51,"column":8},"end":{"line":51,"column":26}},"15":{"start":{"line":56,"column":4},"end":{"line":60,"column":5}},"16":{"start":{"line":57,"column":21},"end":{"line":57,"column":61}},"17":{"start":{"line":58,"column":20},"end":{"line":58,"column":45}},"18":{"start":{"line":59,"column":6},"end":{"line":59,"column":69}},"19":{"start":{"line":63,"column":30},"end":{"line":63,"column":31}},"20":{"start":{"line":64,"column":4},"end":{"line":66,"column":5}},"21":{"start":{"line":65,"column":6},"end":{"line":65,"column":63}},"22":{"start":{"line":69,"column":24},"end":{"line":69,"column":25}},"23":{"start":{"line":70,"column":4},"end":{"line":86,"column":5}},"24":{"start":{"line":72,"column":27},"end":{"line":79,"column":8}},"25":{"start":{"line":81,"column":6},"end":{"line":85,"column":7}},"26":{"start":{"line":82,"column":25},"end":{"line":82,"column":99}},"27":{"start":{"line":82,"column":57},"end":{"line":82,"column":73}},"28":{"start":{"line":83,"column":28},"end":{"line":83,"column":43}},"29":{"start":{"line":84,"column":8},"end":{"line":84,"column":73}},"30":{"start":{"line":89,"column":22},"end":{"line":89,"column":56}},"31":{"start":{"line":92,"column":23},"end":{"line":92,"column":48}},"32":{"start":{"line":93,"column":30},"end":{"line":93,"column":80}},"33":{"start":{"line":95,"column":4},"end":{"line":101,"column":6}},"34":{"start":{"line":100,"column":64},"end":{"line":100,"column":77}},"35":{"start":{"line":5,"column":0},"end":{"line":5,"column":13}}},"fnMap":{"0":{"name":"(anonymous_0)","decl":{"start":{"line":18,"column":2},"end":{"line":18,"column":8}},"loc":{"start":{"line":24,"column":25},"end":{"line":102,"column":3}}},"1":{"name":"(anonymous_1)","decl":{"start":{"line":82,"column":45},"end":{"line":82,"column":46}},"loc":{"start":{"line":82,"column":57},"end":{"line":82,"column":73}}},"2":{"name":"(anonymous_2)","decl":{"start":{"line":100,"column":52},"end":{"line":100,"column":53}},"loc":{"start":{"line":100,"column":64},"end":{"line":100,"column":77}}}},"branchMap":{"0":{"loc":{"start":{"line":24,"column":4},"end":{"line":24,"column":25}},"type":"default-arg","locations":[{"start":{"line":24,"column":19},"end":{"line":24,"column":25}}]},"1":{"loc":{"start":{"line":36,"column":4},"end":{"line":38,"column":5}},"type":"if","locations":[{"start":{"line":36,"column":4},"end":{"line":38,"column":5}}]},"2":{"loc":{"start":{"line":45,"column":6},"end":{"line":52,"column":7}},"type":"if","locations":[{"start":{"line":45,"column":6},"end":{"line":52,"column":7}},{"start":{"line":47,"column":13},"end":{"line":52,"column":7}}]},"3":{"loc":{"start":{"line":47,"column":13},"end":{"line":52,"column":7}},"type":"if","locations":[{"start":{"line":47,"column":13},"end":{"line":52,"column":7}}]},"4":{"loc":{"start":{"line":47,"column":17},"end":{"line":47,"column":52}},"type":"binary-expr","locations":[{"start":{"line":47,"column":17},"end":{"line":47,"column":38}},{"start":{"line":47,"column":42},"end":{"line":47,"column":52}}]},"5":{"loc":{"start":{"line":56,"column":4},"end":{"line":60,"column":5}},"type":"if","locations":[{"start":{"line":56,"column":4},"end":{"line":60,"column":5}}]},"6":{"loc":{"start":{"line":81,"column":6},"end":{"line":85,"column":7}},"type":"if","locations":[{"start":{"line":81,"column":6},"end":{"line":85,"column":7}}]},"7":{"loc":{"start":{"line":93,"column":30},"end":{"line":93,"column":80}},"type":"cond-expr","locations":[{"start":{"line":93,"column":46},"end":{"line":93,"column":76}},{"start":{"line":93,"column":79},"end":{"line":93,"column":80}}]}},"s":{"0":1,"1":1,"2":2,"3":2,"4":1,"5":1,"6":1,"7":1,"8":2,"9":1,"10":1,"11":1,"12":1,"13":1,"14":1,"15":1,"16":0,"17":0,"18":0,"19":1,"20":1,"21":1,"22":1,"23":1,"24":1,"25":1,"26":1,"27":1,"28":1,"29":1,"30":1,"31":1,"32":1,"33":1,"34":1,"35":1},"f":{"0":2,"1":1,"2":1},"b":{"0":[0],"1":[1],"2":[1,1],"3":[1],"4":[1,1],"5":[0],"6":[1],"7":[1,0]}}
,"C:\\Users\\ag_ar\\nutika-ejt\\backend\\src\\utils\\logger.ts": {"path":"C:\\Users\\ag_ar\\nutika-ejt\\backend\\src\\utils\\logger.ts","statementMap":{"0":{"start":{"line":1,"column":0},"end":{"line":1,"column":30}},"1":{"start":{"line":2,"column":0},"end":{"line":2,"column":41}},"2":{"start":{"line":4,"column":45},"end":{"line":4,"column":59}},"3":{"start":{"line":6,"column":13},"end":{"line":17,"column":3}},"4":{"start":{"line":19,"column":0},"end":{"line":28,"column":1}},"5":{"start":{"line":20,"column":2},"end":{"line":27,"column":6}},"6":{"start":{"line":26,"column":32},"end":{"line":26,"column":50}}},"fnMap":{"0":{"name":"(anonymous_1)","decl":{"start":{"line":26,"column":23},"end":{"line":26,"column":24}},"loc":{"start":{"line":26,"column":32},"end":{"line":26,"column":50}}}},"branchMap":{"0":{"loc":{"start":{"line":7,"column":9},"end":{"line":7,"column":40}},"type":"binary-expr","locations":[{"start":{"line":7,"column":9},"end":{"line":7,"column":30}},{"start":{"line":7,"column":34},"end":{"line":7,"column":40}}]},"1":{"loc":{"start":{"line":19,"column":0},"end":{"line":28,"column":1}},"type":"if","locations":[{"start":{"line":19,"column":0},"end":{"line":28,"column":1}}]},"2":{"loc":{"start":{"line":21,"column":10},"end":{"line":21,"column":57}},"type":"binary-expr","locations":[{"start":{"line":21,"column":10},"end":{"line":21,"column":30}},{"start":{"line":21,"column":34},"end":{"line":21,"column":57}}]}},"s":{"0":2,"1":2,"2":2,"3":2,"4":2,"5":0,"6":0},"f":{"0":0},"b":{"0":[2,2],"1":[0],"2":[0,0]}}
}
