TN:
SF:src\routes\users.ts
FN:11,(anonymous_1)
FN:32,(anonymous_2)
FN:74,(anonymous_3)
FN:125,(anonymous_4)
FNF:4
FNH:4
FNDA:1,(anonymous_1)
FNDA:1,(anonymous_2)
FNDA:2,(anonymous_3)
FNDA:2,(anonymous_4)
DA:1,1
DA:2,1
DA:3,1
DA:4,1
DA:5,1
DA:7,1
DA:8,1
DA:11,1
DA:12,1
DA:13,1
DA:24,1
DA:26,0
DA:27,0
DA:32,1
DA:33,1
DA:34,1
DA:36,1
DA:37,0
DA:40,1
DA:41,1
DA:42,0
DA:45,1
DA:46,1
DA:47,1
DA:49,1
DA:65,1
DA:66,1
DA:68,0
DA:69,0
DA:74,1
DA:75,2
DA:76,2
DA:77,2
DA:78,2
DA:80,2
DA:81,2
DA:82,0
DA:86,2
DA:87,1
DA:88,1
DA:90,0
DA:91,0
DA:95,1
DA:96,1
DA:97,1
DA:98,1
DA:99,1
DA:100,0
DA:103,1
DA:116,1
DA:117,1
DA:119,0
DA:120,0
DA:125,1
DA:126,2
DA:127,2
DA:128,2
DA:130,2
DA:131,2
DA:132,0
DA:136,2
DA:137,1
DA:140,1
DA:142,1
DA:143,1
DA:145,0
DA:146,0
DA:150,1
LF:68
LH:53
BRDA:36,0,0,0
BRDA:36,1,0,1
BRDA:36,1,1,1
BRDA:41,2,0,0
BRDA:46,3,0,0
BRDA:46,3,1,1
BRDA:47,4,0,0
BRDA:47,4,1,1
BRDA:81,5,0,0
BRDA:86,6,0,1
BRDA:87,7,0,1
BRDA:90,8,0,0
BRDA:96,9,0,0
BRDA:97,10,0,0
BRDA:97,11,0,0
BRDA:97,11,1,0
BRDA:98,12,0,1
BRDA:99,13,0,0
BRDA:131,14,0,0
BRDA:136,15,0,1
BRF:20
BRH:8
end_of_record
TN:
SF:src\services\nordpool.ts
FN:16,(anonymous_0)
FN:75,(anonymous_1)
FN:99,(anonymous_2)
FN:106,(anonymous_3)
FNF:4
FNH:2
FNDA:4,(anonymous_0)
FNDA:2,(anonymous_1)
FNDA:0,(anonymous_2)
FNDA:0,(anonymous_3)
DA:1,1
DA:2,1
DA:4,1
DA:11,1
DA:12,1
DA:13,1
DA:17,4
DA:19,4
DA:20,1
DA:23,3
DA:24,3
DA:25,3
DA:26,3
DA:27,3
DA:28,3
DA:30,3
DA:31,3
DA:33,3
DA:35,3
DA:37,3
DA:39,2
DA:40,0
DA:43,2
DA:45,2
DA:46,0
DA:49,2
DA:50,2
DA:53,2
DA:55,2
DA:58,1
DA:65,1
DA:66,1
DA:67,1
DA:70,0
DA:76,2
DA:77,2
DA:78,2
DA:94,2
DA:100,0
DA:101,0
DA:103,0
DA:106,0
DA:107,0
DA:108,0
DA:111,0
LF:45
LH:35
BRDA:19,0,0,1
BRDA:19,1,0,4
BRDA:19,1,1,2
BRDA:39,2,0,0
BRDA:45,3,0,0
BRDA:45,4,0,2
BRDA:45,4,1,2
BRDA:45,4,2,2
BRDA:60,5,0,1
BRDA:60,5,1,0
BRDA:61,6,0,1
BRDA:61,6,1,0
BRDA:65,7,0,1
BRDA:101,8,0,0
BRDA:108,9,0,0
BRDA:108,9,1,0
BRDA:111,10,0,0
BRDA:111,10,1,0
BRF:18
BRH:9
end_of_record
TN:
SF:src\services\savings.ts
FN:18,(anonymous_0)
FN:82,(anonymous_1)
FN:100,(anonymous_2)
FNF:3
FNH:3
FNDA:2,(anonymous_0)
FNDA:1,(anonymous_1)
FNDA:1,(anonymous_2)
DA:1,1
DA:3,1
DA:5,1
DA:27,2
DA:36,2
DA:37,1
DA:41,1
DA:42,1
DA:44,1
DA:45,2
DA:46,1
DA:47,1
DA:48,1
DA:49,1
DA:50,1
DA:51,1
DA:56,1
DA:57,0
DA:58,0
DA:59,0
DA:63,1
DA:64,1
DA:65,1
DA:69,1
DA:70,1
DA:72,1
DA:81,1
DA:82,1
DA:83,1
DA:84,1
DA:89,1
DA:92,1
DA:93,1
DA:95,1
DA:100,1
LF:35
LH:32
BRDA:24,0,0,0
BRDA:36,1,0,1
BRDA:45,2,0,1
BRDA:45,2,1,1
BRDA:47,3,0,1
BRDA:47,4,0,1
BRDA:47,4,1,1
BRDA:56,5,0,0
BRDA:81,6,0,1
BRDA:93,7,0,1
BRDA:93,7,1,0
BRF:11
BRH:8
end_of_record
TN:
SF:src\utils\logger.ts
FN:26,(anonymous_1)
FNF:1
FNH:0
FNDA:0,(anonymous_1)
DA:1,2
DA:2,2
DA:4,2
DA:6,2
DA:19,2
DA:20,0
DA:26,0
LF:7
LH:5
BRDA:7,0,0,2
BRDA:7,0,1,2
BRDA:19,1,0,0
BRDA:21,2,0,0
BRDA:21,2,1,0
BRF:5
BRH:2
end_of_record
